Build started 12/16/2011 12:35:36 PM.
     1>Project "C:\Users\Chris\Documents\Schoolwork\Embedded Systems\Bank\BankServer\BankServer\BankServer.vcxproj" on node 2 (build target(s)).
     1>InitializeBuildStatus:
         Creating "Debug\BankServer.unsuccessfulbuild" because "AlwaysCreate" was specified.
       GenerateTargetFrameworkMonikerAttribute:
       Skipping target "GenerateTargetFrameworkMonikerAttribute" because all output files are up-to-date with respect to the input files.
       ClCompile:
         All outputs are up-to-date.
         c:\Program Files\Microsoft Visual Studio 10.0\VC\bin\CL.exe /c /AI"C:\Program Files\Reference Assemblies\Microsoft\Framework\.NETFramework\v4.0" /Zi /clr:pure /nologo /W3 /WX- /Od /Oy- /D WIN32 /D _DEBUG /D _UNICODE /D UNICODE /EHa /MDd /GS /fp:precise /Zc:wchar_t /Zc:forScope /Fo"Debug\\" /Fd"Debug\vc100.pdb" /TP /FU"C:\Program Files\Reference Assemblies\Microsoft\Framework\.NETFramework\v4.0\System.Core.dll" /FU"C:\Program Files\Reference Assemblies\Microsoft\Framework\.NETFramework\v4.0\System.Data.dll" /FU"C:\Program Files\Reference Assemblies\Microsoft\Framework\.NETFramework\v4.0\System.dll" /FU"C:\Program Files\Reference Assemblies\Microsoft\Framework\.NETFramework\v4.0\System.Drawing.dll" /FU"C:\Program Files\Reference Assemblies\Microsoft\Framework\.NETFramework\v4.0\System.Windows.Forms.dll" /FU"C:\Program Files\Reference Assemblies\Microsoft\Framework\.NETFramework\v4.0\System.Xml.dll" /analyze- /errorReport:prompt BankServer.cpp /clr:nostdlib 
         BankServer.cpp
     1>c:\users\chris\documents\schoolwork\embedded systems\bank\bankserver\bankserver\Form1.h(83): warning C4101: 'e' : unreferenced local variable
     1>c:\users\chris\documents\schoolwork\embedded systems\bank\bankserver\bankserver\Form1.h(143): warning C4101: 'result' : unreferenced local variable
     1>c:\users\chris\documents\schoolwork\embedded systems\bank\bankserver\bankserver\Form1.h(169): warning C4101: 'e' : unreferenced local variable
         All outputs are up-to-date.
       CoreResGen:
         All outputs are up-to-date.
       ResourceCompile:
         All outputs are up-to-date.
       Link:
         c:\Program Files\Microsoft Visual Studio 10.0\VC\bin\link.exe /ERRORREPORT:PROMPT /OUT:"C:\Users\Chris\Documents\Schoolwork\Embedded Systems\Bank\BankServer\Debug\BankServer.exe" /INCREMENTAL /NOLOGO /ASSEMBLYRESOURCE:Debug\BankServer.Form1.resources /MANIFEST /ManifestFile:"Debug\BankServer.exe.intermediate.manifest" /MANIFESTUAC:"level='asInvoker' uiAccess='false'" /DEBUG /PDB:"C:\Users\Chris\Documents\Schoolwork\Embedded Systems\Bank\BankServer\Debug\BankServer.pdb" /ASSEMBLYDEBUG /SUBSYSTEM:WINDOWS /TLBID:1 /ENTRY:"main" /DYNAMICBASE /FIXED:NO /NXCOMPAT /MACHINE:X86 Debug\app.res
         Debug\AssemblyInfo.obj
         Debug\BankAccount.obj
         Debug\BankData.obj
         Debug\BankServer.obj
         Debug\Customer.obj
         Debug\stdafx.obj
         "Debug\.NETFramework,Version=v4.0.AssemblyAttributes.obj"
         BankServer.vcxproj -> C:\Users\Chris\Documents\Schoolwork\Embedded Systems\Bank\BankServer\Debug\BankServer.exe
       Manifest:
         C:\Program Files\Microsoft SDKs\Windows\v7.0A\bin\mt.exe /nologo /verbose /outputresource:"C:\Users\Chris\Documents\Schoolwork\Embedded Systems\Bank\BankServer\Debug\BankServer.exe;#1" /manifest Debug\BankServer.exe.intermediate.manifest
       FinalizeBuildStatus:
         Deleting file "Debug\BankServer.unsuccessfulbuild".
         Touching "Debug\BankServer.lastbuildstate".
     1>Done Building Project "C:\Users\Chris\Documents\Schoolwork\Embedded Systems\Bank\BankServer\BankServer\BankServer.vcxproj" (build target(s)).

Build succeeded.

Time Elapsed 00:00:02.39
