Build started 12/15/2011 11:40:05 PM.
     1>Project "C:\Users\Ryan\Documents\Visual Studio 2010\Projects\BankGui\BankGui\BankGui.vcxproj" on node 2 (build target(s)).
     1>InitializeBuildStatus:
         Creating "Debug\BankGui.unsuccessfulbuild" because "AlwaysCreate" was specified.
       GenerateTargetFrameworkMonikerAttribute:
       Skipping target "GenerateTargetFrameworkMonikerAttribute" because all output files are up-to-date with respect to the input files.
       ClCompile:
         All outputs are up-to-date.
         All outputs are up-to-date.
         All outputs are up-to-date.
       CoreResGen:
         All outputs are up-to-date.
       ResourceCompile:
         All outputs are up-to-date.
       Link:
         All outputs are up-to-date.
         BankGui.vcxproj -> C:\Users\Ryan\Documents\Visual Studio 2010\Projects\BankGui\Debug\BankGui.exe
       FinalizeBuildStatus:
         Deleting file "Debug\BankGui.unsuccessfulbuild".
         Touching "Debug\BankGui.lastbuildstate".
     1>Done Building Project "C:\Users\Ryan\Documents\Visual Studio 2010\Projects\BankGui\BankGui\BankGui.vcxproj" (build target(s)).

Build succeeded.

Time Elapsed 00:00:00.15
